2015/05/31 21:48:54 opening database /home/dvan/dev/gtusach/server/library/tusach.db
2015/05/31 21:48:54 executing creating table query: create table if not exists systeminfo (SystemUpTime text, BookLastUpdateTime text, ParserEditing int)
2015/05/31 21:48:54 executing creating table query: create table if not exists user (Name text, Role text, Password text, LastLoginTime text)
2015/05/31 21:48:54 executing creating table query: create table if not exists book (ID int, Title text, Author text, CreatedTime text, CreatedBy text, Status text, BuildTimeSec int, StartPageUrl text, CurrentPageUrl text, CurrentPageNo int, MaxNumPages int, LastUpdateTime text, ErrorMsg text, EpubCreated int)
2015/05/31 21:48:54 executing creating table query: create table if not exists chapter (ChapterNo int, BookId int, Title text)
2015/05/31 21:48:54 executing query: SELECT SystemUpTime,BookLastUpdateTime,ParserEditing FROM systeminfo
2015/05/31 21:48:54 executing update:  UPDATE systeminfo SET SystemUpTime=?,BookLastUpdateTime=?,ParserEditing=?
2015/05/31 21:48:54 executing query: SELECT Name,Role,Password,LastLoginTime FROM user
2015/05/31 21:48:54 Found user: {Name:admin Role:administrator Password:spidey LastLoginTime:0001-01-01 00:00:00 +0000 UTC SessionId:}
2015/05/31 21:48:54 Found user: {Name:vinhvan Role:user Password:colong LastLoginTime:0001-01-01 00:00:00 +0000 UTC SessionId:}
2015/05/31 21:48:54 found 2 users
2015/05/31 21:48:54 executing query: SELECT ID,Title,Author,CreatedTime,CreatedBy,Status,BuildTimeSec,StartPageUrl,CurrentPageUrl,CurrentPageNo,MaxNumPages,LastUpdateTime,ErrorMsg,EpubCreated FROM book
2015/05/31 21:48:54 Found book: {ID:1 Title:Bat Bai Chien Than Author: CreatedTime:0001-01-01 00:00:00 +0000 UTC CreatedBy: Status:ERROR BuildTimeSec:0 StartPageUrl:http://www.tangthuvien.vn/forum/showthread.php?t=93403 CurrentPageUrl:http://www.tangthuvien.vn/forum/showthread.php?t=93403&page=124&s=79467dbf4c9fee74ce94cea11c35e676 CurrentPageNo:124 MaxNumPages:0 LastUpdateTime:2015-05-31 21:05:58.608131153 +1000 AEST ErrorMsg:Error parsing html file. exit status 2 EpubCreated:true}
2015/05/31 21:48:54 Found book: {ID:2 Title:dai de Author: CreatedTime:0001-01-01 00:00:00 +0000 UTC CreatedBy:dv Status:COMPLETED BuildTimeSec:0 StartPageUrl:http://tunghoanh.com/dai-de-tinh-ha/chuong-54-Gwqbaab.html CurrentPageUrl:http://tunghoanh.com/dai-de-tinh-ha/chuong-55-Hwqbaab.html CurrentPageNo:2 MaxNumPages:2 LastUpdateTime:2015-05-31 21:04:35.76442926 +1000 AEST ErrorMsg: EpubCreated:true}
2015/05/31 21:48:54 Found book: {ID:3 Title:Ho Phach Chi Kiem Author:Viem Phi CreatedTime:0001-01-01 00:00:00 +0000 UTC CreatedBy:dv Status:ERROR BuildTimeSec:0 StartPageUrl:http://www.tangthuvien.vn/forum/showthread.php?t=60126 CurrentPageUrl: CurrentPageNo:0 MaxNumPages:0 LastUpdateTime:0001-01-01 00:00:00 +0000 UTC ErrorMsg:Error creating epub for book: 3. Book has no chapters EpubCreated:false}
2015/05/31 21:48:54 Found book: {ID:4 Title:Ho Phach Chi Kiem (Convert) Author:Phi Viem CreatedTime:0001-01-01 00:00:00 +0000 UTC CreatedBy:dv Status:COMPLETED BuildTimeSec:0 StartPageUrl:http://truyencv.com/ho-phach-chi-kiem/chuong-1 CurrentPageUrl:http://truyencv.com/ho-phach-chi-kiem/chuong-250/ CurrentPageNo:250 MaxNumPages:0 LastUpdateTime:0001-01-01 00:00:00 +0000 UTC ErrorMsg: EpubCreated:true}
2015/05/31 21:48:54 Found book: {ID:5 Title:cuu tinh Author: CreatedTime:0001-01-01 00:00:00 +0000 UTC CreatedBy:dv Status:ERROR BuildTimeSec:0 StartPageUrl:http://tunghoanh.com/cuu-tinh-thien-than-quyet/chuong-1-a2kbaab.html CurrentPageUrl:http://tunghoanh.com/cuu-tinh-thien-than-quyet/chuong-1-a2kbaab.html CurrentPageNo:1 MaxNumPages:2 LastUpdateTime:0001-01-01 00:00:00 +0000 UTC ErrorMsg:Error parsing html file. exit status 2 EpubCreated:true}
2015/05/31 21:48:54 Found book: {ID:6 Title:cuu tinh Author: CreatedTime:0001-01-01 00:00:00 +0000 UTC CreatedBy:dv Status:ERROR BuildTimeSec:0 StartPageUrl:http://tunghoanh.com/cuu-tinh-thien-than-quyet/chuong-1-a2kbaab.html CurrentPageUrl:http://tunghoanh.com/cuu-tinh-thien-than-quyet/chuong-1-a2kbaab.html CurrentPageNo:1 MaxNumPages:2 LastUpdateTime:0001-01-01 00:00:00 +0000 UTC ErrorMsg:Error parsing html file. exit status 2 EpubCreated:true}
2015/05/31 21:48:54 Found book: {ID:7 Title:dai de 2 Author: CreatedTime:0001-01-01 00:00:00 +0000 UTC CreatedBy:dv Status:ERROR BuildTimeSec:0 StartPageUrl:http://tunghoanh.com/dai-de-tinh-ha/chuong-58-Kwqbaab.html CurrentPageUrl:http://tunghoanh.com/dai-de-tinh-ha/chuong-58-Kwqbaab.html CurrentPageNo:1 MaxNumPages:3 LastUpdateTime:2015-05-31 18:03:31.118279595 +1000 AEST ErrorMsg:Error parsing html file. exit status 2 EpubCreated:true}
2015/05/31 21:48:54 Found book: {ID:9 Title:ct2 Author: CreatedTime:2015-05-31 18:55:20.891686227 +1000 AEST CreatedBy:dv Status:COMPLETED BuildTimeSec:0 StartPageUrl:http://tunghoanh.com/cuu-tinh-thien-than-quyet/chuong-1-a2kbaab.html CurrentPageUrl:http://tunghoanh.com/cuu-tinh-thien-than-quyet/chuong-3-c2kbaab.html CurrentPageNo:3 MaxNumPages:3 LastUpdateTime:2015-05-31 18:55:25.461368547 +1000 AEST ErrorMsg: EpubCreated:true}
2015/05/31 21:48:54 Found book: {ID:10 Title:cuu tinh Author: CreatedTime:2015-05-31 20:05:19.633508803 +1000 AEST CreatedBy:dv Status:COMPLETED BuildTimeSec:0 StartPageUrl:http://tunghoanh.com/cuu-tinh-thien-than-quyet/chuong-1-a2kbaab.html CurrentPageUrl:http://tunghoanh.com/cuu-tinh-thien-than-quyet/chuong-2-b2kbaab.html CurrentPageNo:2 MaxNumPages:2 LastUpdateTime:2015-05-31 20:05:23.887720826 +1000 AEST ErrorMsg: EpubCreated:true}
2015/05/31 21:48:54 Found book: {ID:11 Title:cuu tinh 3 Author: CreatedTime:2015-05-31 20:44:04.594748079 +1000 AEST CreatedBy:dv Status:COMPLETED BuildTimeSec:0 StartPageUrl:http://tunghoanh.com/cuu-tinh-thien-than-quyet/chuong-1-a2kbaab.html CurrentPageUrl:http://tunghoanh.com/cuu-tinh-thien-than-quyet/chuong-3-c2kbaab.html CurrentPageNo:3 MaxNumPages:3 LastUpdateTime:2015-05-31 20:44:09.075279286 +1000 AEST ErrorMsg: EpubCreated:true}
2015/05/31 21:48:54 Starting GO web server at :8888, server path: /home/dvan/dev/gtusach/client/GTusach/war
2015/05/31 21:48:54 GOWebServer started successfully
